<?xml version="1.0" encoding="UTF-8"?>
<testng-results ignored="0" total="2" passed="2" failed="0" skipped="0">
  <reporter-output>
  </reporter-output>
  <suite started-at="2025-08-02T11:58:21 IST" name="ParallelSuite" finished-at="2025-08-02T11:58:24 IST" duration-ms="3756">
    <groups>
    </groups>
    <test started-at="2025-08-02T11:58:21 IST" name="ChromeTests" finished-at="2025-08-02T11:58:24 IST" duration-ms="3756">
      <class name="tests.LoginTest">
        <test-method is-config="true" signature="setUp(java.lang.String)[pri:0, instance:tests.LoginTest@b91d8c4]" started-at="2025-08-02T11:58:21 IST" name="setUp" finished-at="2025-08-02T11:58:22 IST" duration-ms="1727" status="PASS">
          <params>
            <param index="0">
              <value>
                <![CDATA[chrome]]>
              </value>
            </param>
          </params>
          <reporter-output>
          </reporter-output>
        </test-method> <!-- setUp -->
        <test-method signature="testLogin()[pri:0, instance:tests.LoginTest@b91d8c4]" started-at="2025-08-02T11:58:22 IST" name="testLogin" finished-at="2025-08-02T11:58:24 IST" duration-ms="1780" status="PASS">
          <reporter-output>
          </reporter-output>
        </test-method> <!-- testLogin -->
        <test-method is-config="true" signature="tearDown()[pri:0, instance:tests.LoginTest@b91d8c4]" started-at="2025-08-02T11:58:24 IST" name="tearDown" finished-at="2025-08-02T11:58:24 IST" duration-ms="202" status="PASS">
          <reporter-output>
          </reporter-output>
        </test-method> <!-- tearDown -->
      </class> <!-- tests.LoginTest -->
    </test> <!-- ChromeTests -->
    <test started-at="2025-08-02T11:58:21 IST" name="EdgeTests" finished-at="2025-08-02T11:58:24 IST" duration-ms="3738">
      <class name="tests.LoginTest">
        <test-method is-config="true" signature="setUp(java.lang.String)[pri:0, instance:tests.LoginTest@28a0fd6c]" started-at="2025-08-02T11:58:21 IST" name="setUp" finished-at="2025-08-02T11:58:22 IST" duration-ms="1717" status="PASS">
          <params>
            <param index="0">
              <value>
                <![CDATA[edge]]>
              </value>
            </param>
          </params>
          <reporter-output>
          </reporter-output>
        </test-method> <!-- setUp -->
        <test-method signature="testLogin()[pri:0, instance:tests.LoginTest@28a0fd6c]" started-at="2025-08-02T11:58:22 IST" name="testLogin" finished-at="2025-08-02T11:58:24 IST" duration-ms="1759" status="PASS">
          <reporter-output>
          </reporter-output>
        </test-method> <!-- testLogin -->
        <test-method is-config="true" signature="tearDown()[pri:0, instance:tests.LoginTest@28a0fd6c]" started-at="2025-08-02T11:58:24 IST" name="tearDown" finished-at="2025-08-02T11:58:24 IST" duration-ms="213" status="PASS">
          <reporter-output>
          </reporter-output>
        </test-method> <!-- tearDown -->
      </class> <!-- tests.LoginTest -->
    </test> <!-- EdgeTests -->
  </suite> <!-- ParallelSuite -->
</testng-results>
